Removed Pin From Net: NetName=5V Pin=C34-1
Removed Pin From Net: NetName=5V Pin=C35-1
Removed Pin From Net: NetName=3.3V Pin=C36-1
Removed Pin From Net: NetName=3.3V Pin=C37-1
Removed Pin From Net: NetName=GND Pin=IC7-1
Removed Pin From Net: NetName=3.3V Pin=IC7-2
Removed Pin From Net: NetName=5V Pin=IC7-3
Removed Pin From Net: NetName=3.3V Pin=IC7-4
Removed Member From Class: ClassName=Interface1 Member=IC7
Change Footprint: Footprint Not Found Goldpin 2.54mm  4Pin
Add Component: Footprint Not Found AZ1117CR33TRG1
Added Pin To Net: NetName=3.3V Pin=C34-1
Added Pin To Net: NetName=3.3V Pin=C35-1
Added Pin To Net: NetName=5V Pin=C36-1
Added Pin To Net: NetName=5V Pin=C37-1
Add Pin To Net: Unknown Pin: Pin CON13-4
Add Pin To Net: Unknown Pin: Pin IC?-1
Add Pin To Net: Unknown Pin: Pin IC?-2
Add Pin To Net: Unknown Pin: Pin IC?-3
Add Pin To Net: Unknown Pin: Pin IC?-4
Add Class Member: Failed to add class member : Component IC? AZ1117CR-3.3TRG1
