Removed Pin From Net: NetName=3.3V Pin=C21-1
Removed Pin From Net: NetName=GND Pin=C21-2
Removed Pin From Net: NetName=3.3V Pin=C22-1
Removed Pin From Net: NetName=GND Pin=C22-2
Removed Pin From Net: NetName=RESET Pin=CON2-1
Removed Pin From Net: NetName=SWDIO Pin=CON2-2
Removed Pin From Net: NetName=SWCLK Pin=CON2-3
Removed Pin From Net: NetName=Start Pin=CON2-5
Removed Pin From Net: NetName=Start Mod Pin=CON2-6
Removed Pin From Net: NetName=GND Pin=CON2-7
Removed Pin From Net: NetName=3.3V Pin=CON2-8
Removed Pin From Net: NetName=+12 Pin=CON11-1
Removed Pin From Net: NetName=GND Pin=CON13-3
Removed Pin From Net: NetName=3.3V Pin=CON14-1
Removed Pin From Net: NetName=GND Pin=CON14-3
Removed Pin From Net: NetName=GND Pin=IC10-2
Removed Pin From Net: NetName=Line LF1 Pin=IC10-3
Removed Pin From Net: NetName=GND Pin=IC10-4
Removed Pin From Net: NetName=GND Pin=IC11-2
Removed Pin From Net: NetName=Line RF1 Pin=IC11-3
Removed Pin From Net: NetName=GND Pin=IC11-4
Removed Pin From Net: NetName=3.3V Pin=R5-1
Removed Pin From Net: NetName=Line RF1 Pin=R5-2
Removed Pin From Net: NetName=3.3V Pin=R11-1
Removed Pin From Net: NetName=Line LF1 Pin=R11-2
Removed Pin From Net: NetName=3.3V Pin=R12-1
Removed Pin From Net: NetName=3.3V Pin=R47-1
Removed Member From Class: ClassName=Connectors-and-Filters Member=C21
Removed Member From Class: ClassName=Connectors-and-Filters Member=C22
Removed Member From Class: ClassName=MCU-and-ICs Member=CON2
Removed Member From Class: ClassName=Connectors-and-Filters Member=CON13
Removed Member From Class: ClassName=Connectors-and-Filters Member=CON14
Removed Member From Class: ClassName=Connectors-and-Filters Member=IC10
Removed Member From Class: ClassName=Connectors-and-Filters Member=IC11
Removed Member From Class: ClassName=Connectors-and-Filters Member=R5
Removed Member From Class: ClassName=Connectors-and-Filters Member=R11
Removed Member From Class: ClassName=Connectors-and-Filters Member=R12
Removed Member From Class: ClassName=Connectors-and-Filters Member=R47
Change Footprint: Footprint Not Found Goldpin 2.54mm  4Pin
Change Component Footprint: Designator=L1 Old Footprint=L 0603 New Footprint=HPI0630
Change Component Comment : Designator=CON13 Old Comment=3 Pin New Comment=4 PIN
Change Component Comment : Designator=L1 Old Comment=Value New Comment=22uH
Added Component: Designator=C4(C 0402)
Added Component: Designator=C5(C 0402)
Added Component: Designator=CON9(SM04B-SRSS-TB)
Added Component: Designator=CON10(SM04B-SRSS-TB)
Added Component: Designator=J?(XF3M12151B)
Add component (AddParameter): Name = "Arrow Part Number"; Value = "XF3M-1215-1B"; VariantName = "[No Variations]"
Add component (AddParameter): Name = "Arrow Price/Stock"; Value = "https://www.arrow.com/en/products/xf3m-1215-1b/omron"; VariantName = "[No Variations]"
Add component (AddParameter): Name = "Datasheet Link"; Value = "https://datasheet.lcsc.com/szlcsc/Omron-Electronics-XF3M-1215-1B_C231431.pdf"; VariantName = "[No Variations]"
Add component (AddParameter): Name = "Height"; Value = "2mm"; VariantName = "[No Variations]"
Add component (AddParameter): Name = "Manufacturer_Name"; Value = "Omron Electronics"; VariantName = "[No Variations]"
Add component (AddParameter): Name = "Manufacturer_Part_Number"; Value = "XF3M-1215-1B"; VariantName = "[No Variations]"
Add component (AddParameter): Name = "Mouser Part Number"; Value = "653-XF3M-1215-1B"; VariantName = "[No Variations]"
Add component (AddParameter): Name = "Mouser Price/Stock"; Value = "https://www.mouser.co.uk/ProductDetail/Omron-Electronics/XF3M-1215-1B?qs=1He0yLMpldAQYeSJcjbchQ%3D%3D"; VariantName = "[No Variations]"
Added Component: Designator=Q9(DFN 5x6)
Added Pin To Net: NetName=3.3V Pin=C4-1
Added Pin To Net: NetName=GND Pin=C4-2
Added Pin To Net: NetName=3.3V Pin=C5-1
Added Pin To Net: NetName=GND Pin=C5-2
Added Pin To Net: NetName=3.3V Pin=CON9-1
Added Pin To Net: NetName=GND Pin=CON9-2
Added Pin To Net: NetName=Line RF1 Pin=CON9-3
Added Pin To Net: NetName=3.3V Pin=CON10-1
Added Pin To Net: NetName=GND Pin=CON10-2
Added Pin To Net: NetName=Line LF1 Pin=CON10-3
Added Pin To Net: NetName=GND Pin=CON13-2
Added Pin To Net: NetName=Start Pin=CON13-3
Add Pin To Net: Unknown Pin: Pin CON13-4
Added Pin To Net: NetName=3.3V Pin=J?-1
Added Pin To Net: NetName=GND Pin=J?-2
Added Pin To Net: NetName=Start Mod Pin=J?-3
Added Pin To Net: NetName=Start Pin=J?-4
Added Pin To Net: NetName=SWCLK Pin=J?-9
Added Pin To Net: NetName=SWDIO Pin=J?-10
Added Pin To Net: NetName=RESET Pin=J?-11
Added Pin To Net: NetName=Kill Switch Pin=J?-12
Added Pin To Net: NetName=+12 Pin=Q9-1
Added Pin To Net: NetName=+12 Pin=Q9-2
Added Pin To Net: NetName=+12 Pin=Q9-3
Added Pin To Net: NetName=GND Pin=Q9-4
Added Pin To Net: NetName=LED 1 Pin=IC1-33
Added Pin To Net: NetName=LED 1 Pin=J?-7
Added Net: Name=LED 1
Added Pin To Net: NetName=LED 2 Pin=IC1-32
Added Pin To Net: NetName=LED 2 Pin=J?-8
Added Net: Name=LED 2
Added Pin To Net: NetName=Line LF2 Pin=CON10-4
Added Pin To Net: NetName=Line LF2 Pin=R10-2
Added Net: Name=Line LF2
Added Pin To Net: NetName=Line RF2 Pin=CON9-4
Added Pin To Net: NetName=Line RF2 Pin=R6-2
Added Net: Name=Line RF2
Added Pin To Net: NetName=NetCON11_1 Pin=CON11-1
Added Pin To Net: NetName=NetCON11_1 Pin=Q9-5_8
Added Net: Name=NetCON11_1
Added Pin To Net: NetName=Switch 1 Pin=IC1-3
Added Pin To Net: NetName=Switch 1 Pin=J?-5
Added Net: Name=Switch 1
Added Pin To Net: NetName=Switch 2 Pin=IC1-34
Added Pin To Net: NetName=Switch 2 Pin=J?-6
Added Net: Name=Switch 2
Added Member To Class: ClassName=Connectors-and-Filters Member=Component C4 100nF
Added Member To Class: ClassName=Connectors-and-Filters Member=Component C5 100nF
Added Member To Class: ClassName=Connectors-and-Filters Member=Component CON9 4 PIN
Added Member To Class: ClassName=Connectors-and-Filters Member=Component CON10 4 PIN
Added Member To Class: ClassName=MCU-and-ICs Member=Component CON13 4 PIN
Added Member To Class: ClassName=MCU-and-ICs Member=Component J? XF3M-1215-1B
Added Member To Class: ClassName=Interface1 Member=Component Q9 AON6403
Added Room: Name=Channel-A2
Added Room: Name=Channel-B2
Added Room: Name=Connectors-and-Filters
Added Room: Name=Interface1
Added Room: Name=MCU-and-ICs
