Removed Pin From Net: NetName=V1A Pin=Q1-1
Removed Pin From Net: NetName=V1A Pin=Q1-2
Removed Pin From Net: NetName=V1A Pin=Q1-3
Removed Pin From Net: NetName=H1A Pin=Q1-4
Removed Pin From Net: NetName=V1B Pin=Q2-1
Removed Pin From Net: NetName=V1B Pin=Q2-2
Removed Pin From Net: NetName=V1B Pin=Q2-3
Removed Pin From Net: NetName=H1B Pin=Q2-4
Removed Pin From Net: NetName=AHS B Pin=Q3-1
Removed Pin From Net: NetName=AHS B Pin=Q3-2
Removed Pin From Net: NetName=AHS B Pin=Q3-3
Removed Pin From Net: NetName=H2B Pin=Q3-4
Removed Pin From Net: NetName=AHS Pin=Q4-1
Removed Pin From Net: NetName=AHS Pin=Q4-2
Removed Pin From Net: NetName=AHS Pin=Q4-3
Removed Pin From Net: NetName=H2A Pin=Q4-4
Removed Pin From Net: NetName=NetIC4_3 Pin=Q5-1
Removed Pin From Net: NetName=NetIC4_3 Pin=Q5-2
Removed Pin From Net: NetName=NetIC4_3 Pin=Q5-3
Removed Pin From Net: NetName=L1A Pin=Q5-4
Removed Pin From Net: NetName=V1A Pin=Q5-5_8
Removed Pin From Net: NetName=NetIC6_3 Pin=Q6-1
Removed Pin From Net: NetName=NetIC6_3 Pin=Q6-2
Removed Pin From Net: NetName=NetIC6_3 Pin=Q6-3
Removed Pin From Net: NetName=L1B Pin=Q6-4
Removed Pin From Net: NetName=V1B Pin=Q6-5_8
Removed Pin From Net: NetName=NetIC6_3 Pin=Q7-1
Removed Pin From Net: NetName=NetIC6_3 Pin=Q7-2
Removed Pin From Net: NetName=NetIC6_3 Pin=Q7-3
Removed Pin From Net: NetName=L2B Pin=Q7-4
Removed Pin From Net: NetName=AHS B Pin=Q7-5_8
Removed Pin From Net: NetName=NetIC4_3 Pin=Q15-1
Removed Pin From Net: NetName=NetIC4_3 Pin=Q15-2
Removed Pin From Net: NetName=NetIC4_3 Pin=Q15-3
Removed Pin From Net: NetName=L2A Pin=Q15-4
Removed Pin From Net: NetName=AHS Pin=Q15-5_8
Removed Member From Class: ClassName=Channel-A2 Member=Q15
Change Footprint: Footprint Not Found DFN 3.3x3.3
Change Footprint: Footprint Not Found DFN 3.3x3.3
Change Footprint: Footprint Not Found DFN 3.3x3.3
Change Footprint: Footprint Not Found DFN 3.3x3.3
Change Footprint: Footprint Not Found DFN 3.3x3.3
Change Footprint: Footprint Not Found DFN 3.3x3.3
Change Footprint: Footprint Not Found DFN 3.3x3.3
Change Component Comment : Designator=R25 Old Comment=2k New Comment=160R
Change Component Comment : Designator=R24 Old Comment=2k New Comment=500R
Change Component Comment : Designator=Q1 Old Comment=Model? New Comment=AON7230
Change Component Comment : Designator=Q2 Old Comment=Model? New Comment=AON7230
Change Component Comment : Designator=Q3 Old Comment=Model? New Comment=AON7230
Change Component Comment : Designator=Q4 Old Comment=Model? New Comment=AON7230
Change Component Comment : Designator=Q5 Old Comment=Model? New Comment=AON7230
Change Component Comment : Designator=Q6 Old Comment=Model? New Comment=AON7230
Change Component Comment : Designator=Q7 Old Comment=Model? New Comment=AON7230
Change Component Comment : Designator=R14 Old Comment=Value New Comment=1k
Change Component Comment : Designator=C1 Old Comment=Value New Comment=1uF
Change Component Comment : Designator=C2 Old Comment=Value New Comment=1uF
Change Component Comment : Designator=C13 Old Comment=Value New Comment=1uF
Change Component Comment : Designator=C14 Old Comment=Value New Comment=1uF
Change Component Comment : Designator=C19 Old Comment=Value New Comment=1uF
Change Component Comment : Designator=R46 Old Comment=Value New Comment=6.3k
Change Component Comment : Designator=R1 Old Comment=Value New Comment=8k
Change Component Comment : Designator=R4 Old Comment=Value New Comment=8k
Change Component Comment : Designator=R6 Old Comment=Value New Comment=8k
Change Component Comment : Designator=R10 Old Comment=Value New Comment=8k
Change Component Comment : Designator=R34 Old Comment=Value New Comment=8k
Change Component Comment : Designator=R48 Old Comment=Value New Comment=8k
Change Component Comment : Designator=R5 Old Comment=Value New Comment=10k
Change Component Comment : Designator=R11 Old Comment=Value New Comment=10k
Change Component Comment : Designator=C34 Old Comment=Value New Comment=10uF
Change Component Comment : Designator=C35 Old Comment=Value New Comment=10uF
Change Component Comment : Designator=C36 Old Comment=Value New Comment=10uF
Change Component Comment : Designator=C37 Old Comment=Value New Comment=10uF
Change Component Comment : Designator=R7 Old Comment=Value New Comment=13k
Change Component Comment : Designator=R13 Old Comment=Value New Comment=22k
Change Component Comment : Designator=C11 Old Comment=Value New Comment=22nF
Change Component Comment : Designator=C16 Old Comment=Value New Comment=22nF
Change Component Comment : Designator=C17 Old Comment=Value New Comment=22nF
Change Component Comment : Designator=C18 Old Comment=Value New Comment=22nF
Change Component Comment : Designator=C24 Old Comment=Value New Comment=22nF
Change Component Comment : Designator=C25 Old Comment=Value New Comment=22nF
Change Component Comment : Designator=C7 Old Comment=Value New Comment=22pF
Change Component Comment : Designator=C9 Old Comment=Value New Comment=22pF
Change Component Comment : Designator=C23 Old Comment=Value New Comment=22uF
Change Component Comment : Designator=C27 Old Comment=Value New Comment=22uF
Change Component Comment : Designator=R3 Old Comment=Value New Comment=47k
Change Component Comment : Designator=R45 Old Comment=Value New Comment=47k
Change Component Comment : Designator=R8 Old Comment=Value New Comment=63k
Change Component Comment : Designator=R12 Old Comment=Value New Comment=68R
Change Component Comment : Designator=R47 Old Comment=Value New Comment=68R
Change Component Comment : Designator=C3 Old Comment=Value New Comment=100nF
Change Component Comment : Designator=C6 Old Comment=Value New Comment=100nF
Change Component Comment : Designator=C8 Old Comment=Value New Comment=100nF
Change Component Comment : Designator=C10 Old Comment=Value New Comment=100nF
Change Component Comment : Designator=C15 Old Comment=Value New Comment=100nF
Change Component Comment : Designator=C20 Old Comment=Value New Comment=100nF
Change Component Comment : Designator=C21 Old Comment=Value New Comment=100nF
Change Component Comment : Designator=C22 Old Comment=Value New Comment=100nF
Change Component Comment : Designator=C28 Old Comment=Value New Comment=100nF
Change Component Comment : Designator=R9 Old Comment=Value New Comment=120k
Add Component: Footprint Not Found DFN 3.3x3.3
Added Pin To Net: NetName=3.3V Pin=LED4-2
Add Pin To Net: Unknown Pin: Pin Q1-1_3
Added Pin To Net: NetName=H2A Pin=Q1-4
Add Pin To Net: Unknown Pin: Pin Q2-1_3
Added Pin To Net: NetName=H2B Pin=Q2-4
Add Pin To Net: Unknown Pin: Pin Q3-1_3
Added Pin To Net: NetName=H1B Pin=Q3-4
Add Pin To Net: Unknown Pin: Pin Q4-1_3
Added Pin To Net: NetName=H1A Pin=Q4-4
Add Pin To Net: Unknown Pin: Pin Q5-1_3
Added Pin To Net: NetName=L2A Pin=Q5-4
Added Pin To Net: NetName=AHS Pin=Q5-5_8
Add Pin To Net: Unknown Pin: Pin Q6-1_3
Added Pin To Net: NetName=L2B Pin=Q6-4
Added Pin To Net: NetName=AHS B Pin=Q6-5_8
Add Pin To Net: Unknown Pin: Pin Q7-1_3
Added Pin To Net: NetName=L1B Pin=Q7-4
Added Pin To Net: NetName=V1B Pin=Q7-5_8
Add Pin To Net: Unknown Pin: Pin Q8-1_3
Add Pin To Net: Unknown Pin: Pin Q8-4
Add Pin To Net: Unknown Pin: Pin Q8-5_8
Add Class Member: Failed to add class member : Component Q8 AON7230
Added Room: Name=Channel-A2
Added Room: Name=Channel-B2
Added Room: Name=Connectors-and-Filters
Added Room: Name=Interface1
Added Room: Name=MCU-and-ICs
