Added Component: Designator=C37(C 0805)
Added Component: Designator=C38(C 0805)
Added Component: Designator=IC8(SOT95P280X145-5N)
Add component (AddParameter): Name = "Arrow Part Number"; Value = "TPS7A2433DBVR"; VariantName = "[No Variations]"
Add component (AddParameter): Name = "Arrow Price/Stock"; Value = "null?region=nac"; VariantName = "[No Variations]"
Add component (AddParameter): Name = "Datasheet Link"; Value = "https://www.ti.com/lit/gpn/TPS7A24"; VariantName = "[No Variations]"
Add component (AddParameter): Name = "Height"; Value = "1.45mm"; VariantName = "[No Variations]"
Add component (AddParameter): Name = "Manufacturer_Name"; Value = "Texas Instruments"; VariantName = "[No Variations]"
Add component (AddParameter): Name = "Manufacturer_Part_Number"; Value = "TPS7A2433DBVR"; VariantName = "[No Variations]"
Add component (AddParameter): Name = "Mouser Part Number"; Value = "595-TPS7A2433DBVR"; VariantName = "[No Variations]"
Add component (AddParameter): Name = "Mouser Price/Stock"; Value = "https://www.mouser.co.uk/ProductDetail/Texas-Instruments/TPS7A2433DBVR?qs=wnTfsH77Xs7ROpwa%2Fm0jWA%3D%3D"; VariantName = "[No Variations]"
Added Pin To Net: NetName=5V Pin=C37-1
Added Pin To Net: NetName=GND Pin=C37-2
Added Pin To Net: NetName=3.3V Pin=C38-1
Added Pin To Net: NetName=GND Pin=C38-2
Added Pin To Net: NetName=5V Pin=IC8-1
Added Pin To Net: NetName=GND Pin=IC8-2
Added Pin To Net: NetName=5V Pin=IC8-3
Added Pin To Net: NetName=3.3V Pin=IC8-5
Added Member To Class: ClassName=DC-DC Member=Component C37 1uF
Added Member To Class: ClassName=DC-DC Member=Component C38 2.2uF
Added Member To Class: ClassName=DC-DC Member=Component IC8 TPS7A2433DBVR
Added Room: Name=DC-DC
