Added Component: Designator=C17(C 0603)
Added Component: Designator=C25(C 0603)
Added Component: Designator=C37(C 0603)
Added Component: Designator=C38(C 0603)
Added Component: Designator=IC9(SOT95P280X145-5N)
Add component (AddParameter): Name = "Arrow Part Number"; Value = "TPS7A2433DBVR"; VariantName = "[No Variations]"
Add component (AddParameter): Name = "Arrow Price/Stock"; Value = "null?region=nac"; VariantName = "[No Variations]"
Add component (AddParameter): Name = "Datasheet Link"; Value = "https://www.ti.com/lit/gpn/TPS7A24"; VariantName = "[No Variations]"
Add component (AddParameter): Name = "Height"; Value = "1.45mm"; VariantName = "[No Variations]"
Add component (AddParameter): Name = "Manufacturer_Name"; Value = "Texas Instruments"; VariantName = "[No Variations]"
Add component (AddParameter): Name = "Manufacturer_Part_Number"; Value = "TPS7A2433DBVR"; VariantName = "[No Variations]"
Add component (AddParameter): Name = "Mouser Part Number"; Value = "595-TPS7A2433DBVR"; VariantName = "[No Variations]"
Add component (AddParameter): Name = "Mouser Price/Stock"; Value = "https://www.mouser.co.uk/ProductDetail/Texas-Instruments/TPS7A2433DBVR?qs=wnTfsH77Xs7ROpwa%2Fm0jWA%3D%3D"; VariantName = "[No Variations]"
Added Component: Designator=R17(R 0402)
Added Component: Designator=R18(R 0402)
Added Component: Designator=R19(R 0402)
Added Component: Designator=R20(R 0402)
Added Pin To Net: NetName=12V Pin=C17-1
Added Pin To Net: NetName=GND Pin=C17-2
Added Pin To Net: NetName=5V Pin=C25-1
Added Pin To Net: NetName=GND Pin=C25-2
Added Pin To Net: NetName=5V Pin=C37-1
Added Pin To Net: NetName=GND Pin=C37-2
Added Pin To Net: NetName=3.3V Pin=C38-1
Added Pin To Net: NetName=GND Pin=C38-2
Added Pin To Net: NetName=12V Pin=IC9-1
Added Pin To Net: NetName=GND Pin=IC9-2
Added Pin To Net: NetName=12V Pin=IC9-3
Added Pin To Net: NetName=5V Pin=IC9-5
Added Pin To Net: NetName=GND Pin=R17-2
Added Pin To Net: NetName=3.3V Pin=R18-1
Added Pin To Net: NetName=GND Pin=R19-2
Added Pin To Net: NetName=5V Pin=R20-1
Added Pin To Net: NetName=NetIC8_4 Pin=IC8-4
Added Pin To Net: NetName=NetIC8_4 Pin=R17-1
Added Pin To Net: NetName=NetIC8_4 Pin=R18-2
Added Net: Name=NetIC8_4
Added Pin To Net: NetName=NetIC9_4 Pin=IC9-4
Added Pin To Net: NetName=NetIC9_4 Pin=R19-1
Added Pin To Net: NetName=NetIC9_4 Pin=R20-2
Added Net: Name=NetIC9_4
Added Member To Class: ClassName=DC-DC Member=Component C17 1uF
Added Member To Class: ClassName=DC-DC Member=Component C25 2.2uF
Added Member To Class: ClassName=DC-DC Member=Component C37 1uF
Added Member To Class: ClassName=DC-DC Member=Component C38 2.2uF
Added Member To Class: ClassName=DC-DC Member=Component IC9 TPS7A2433DBVR
Added Member To Class: ClassName=DC-DC Member=Component R17 100K
Added Member To Class: ClassName=DC-DC Member=Component R18 165K
Added Member To Class: ClassName=DC-DC Member=Component R19 100K
Added Member To Class: ClassName=DC-DC Member=Component R20 300K
Added Room: Name=DC-DC
