Removed Pin From Net: NetName=GND Pin=C12-1
Removed Pin From Net: NetName=GND Pin=C14-1
Removed Pin From Net: NetName=GND Pin=C15-1
Removed Pin From Net: NetName=GND Pin=C21-1
Removed Pin From Net: NetName=GND Pin=C22-1
Removed Pin From Net: NetName=GND Pin=C23-1
Removed Pin From Net: NetName=GND Pin=C26-1
Removed Pin From Net: NetName=GND Pin=C27-1
Removed Pin From Net: NetName=+12 Pin=C28-1
Removed Pin From Net: NetName=GND Pin=C34-1
Removed Pin From Net: NetName=GND Pin=C35-1
Removed Pin From Net: NetName=GND Pin=C36-1
Removed Pin From Net: NetName=GND Pin=C37-1
Removed Pin From Net: NetName=GND Pin=D1-1
Removed Pin From Net: NetName=GND Pin=IC1-5
Removed Pin From Net: NetName=GND Pin=IC2-5
Removed Pin From Net: NetName=GND Pin=IC3-5
Removed Pin From Net: NetName=GND Pin=IC4-5
Removed Pin From Net: NetName=GND Pin=IC5-7
Removed Pin From Net: NetName=GND Pin=IC7-3
Removed Pin From Net: NetName=GND Pin=IC8-1
Removed Pin From Net: NetName=GND Pin=IC8-3
Removed Pin From Net: NetName=GND Pin=Q10-1
Removed Pin From Net: NetName=GND Pin=Q10-2
Removed Pin From Net: NetName=GND Pin=Q10-3
Added Pin To Net: NetName=VCC Pin=C12-1
Added Pin To Net: NetName=VCC Pin=C14-1
Added Pin To Net: NetName=VCC Pin=C15-1
Added Pin To Net: NetName=VCC Pin=C21-1
Added Pin To Net: NetName=VCC Pin=C22-1
Added Pin To Net: NetName=VCC Pin=C23-1
Added Pin To Net: NetName=VCC Pin=C26-1
Added Pin To Net: NetName=VCC Pin=C27-1
Added Pin To Net: NetName=VCC Pin=C28-1
Added Pin To Net: NetName=VCC Pin=C34-1
Added Pin To Net: NetName=VCC Pin=C35-1
Added Pin To Net: NetName=VCC Pin=C36-1
Added Pin To Net: NetName=VCC Pin=C37-1
Added Pin To Net: NetName=VCC Pin=D1-1
Added Pin To Net: NetName=VCC Pin=IC1-5
Added Pin To Net: NetName=VCC Pin=IC2-5
Added Pin To Net: NetName=VCC Pin=IC3-5
Added Pin To Net: NetName=VCC Pin=IC4-5
Added Pin To Net: NetName=VCC Pin=IC5-7
Added Pin To Net: NetName=VCC Pin=IC7-3
Added Pin To Net: NetName=VCC Pin=IC8-1
Added Pin To Net: NetName=VCC Pin=IC8-3
Added Pin To Net: NetName=VCC Pin=Q10-1
Added Pin To Net: NetName=VCC Pin=Q10-2
Added Pin To Net: NetName=VCC Pin=Q10-3
Added Pin To Net: NetName=VCC Pin=Q10-1
Added Pin To Net: NetName=VCC Pin=Q10-2
Added Pin To Net: NetName=VCC Pin=Q10-3
Added Net: Name=VCC
